TN:
SF:src/modules/appointments/services/CreateAppointmentService.ts
FN:15,(anonymous_5)
FN:20,(anonymous_6)
FNF:2
FNH:2
FNDA:2,(anonymous_5)
FNDA:3,(anonymous_6)
DA:1,1
DA:2,1
DA:4,1
DA:14,1
DA:17,2
DA:21,3
DA:23,3
DA:27,3
DA:28,1
DA:31,2
DA:36,2
DA:40,1
LF:12
LH:12
BRDA:27,0,0,1
BRDA:27,0,1,2
BRF:2
BRH:2
end_of_record
TN:
SF:src/modules/users/services/AuthenticateUserService.ts
FN:23,(anonymous_5)
FN:27,(anonymous_6)
FNF:2
FNH:0
FNDA:0,(anonymous_5)
FNDA:0,(anonymous_6)
DA:1,0
DA:2,0
DA:3,0
DA:5,0
DA:6,0
DA:22,0
DA:24,0
DA:28,0
DA:30,0
DA:31,0
DA:34,0
DA:36,0
DA:37,0
DA:40,0
DA:45,0
DA:52,0
LF:16
LH:0
BRDA:30,0,0,0
BRDA:30,0,1,0
BRDA:36,1,0,0
BRDA:36,1,1,0
BRF:4
BRH:0
end_of_record
TN:
SF:src/modules/users/services/CreateUserService.ts
FN:17,(anonymous_5)
FN:21,(anonymous_6)
FNF:2
FNH:2
FNDA:2,(anonymous_5)
FNDA:3,(anonymous_6)
DA:1,1
DA:2,1
DA:4,1
DA:16,1
DA:18,2
DA:22,3
DA:24,3
DA:25,1
DA:28,2
DA:30,2
DA:36,2
DA:40,1
LF:12
LH:12
BRDA:24,0,0,1
BRDA:24,0,1,2
BRF:2
BRH:2
end_of_record
TN:
SF:src/modules/users/services/UpdateUserAvatarService.ts
FN:18,(anonymous_5)
FN:22,(anonymous_6)
FNF:2
FNH:0
FNDA:0,(anonymous_5)
FNDA:0,(anonymous_6)
DA:1,0
DA:2,0
DA:3,0
DA:5,0
DA:6,0
DA:17,0
DA:19,0
DA:23,0
DA:25,0
DA:26,0
DA:32,0
DA:33,0
DA:38,0
DA:40,0
DA:41,0
DA:45,0
DA:47,0
DA:49,0
DA:53,0
LF:19
LH:0
BRDA:25,0,0,0
BRDA:25,0,1,0
BRDA:32,1,0,0
BRDA:32,1,1,0
BRDA:40,2,0,0
BRDA:40,2,1,0
BRF:6
BRH:0
end_of_record
